2026.01.31 11:19:10 INFO  Started: Metals version 1.6.5 in folders 'C:\Users\hp\Desktop\learn' for client Visual Studio Code 1.108.2.
2026.01.31 11:19:11 INFO  time: initialize in 0.54s
2026.01.31 11:19:12 INFO  Memory monitor started
2026.01.31 11:19:17 WARN  Using H2 2.4.240 which is newer than the version Flyway has been verified with. The latest verified version of H2 is 2.3.232.
2026.01.31 11:19:18 INFO  no build target found for C:\Users\hp\Desktop\learn\first.java. Using fallback presentation compiler.
Jan 31, 2026 11:19:20 AM org.eclipse.lsp4j.jsonrpc.RemoteEndpoint handleCancellation
WARNING: Unmatched cancel notification for request id 4
Jan 31, 2026 11:19:20 AM org.eclipse.lsp4j.jsonrpc.RemoteEndpoint handleCancellation
WARNING: Unmatched cancel notification for request id 2
2026.01.31 11:19:20 INFO  no build target found for C:\Users\hp\Desktop\learn\first.java. Using fallback presentation compiler.
2026.01.31 11:19:20 WARN  no build tool detected in workspace 'C:\Users\hp\Desktop\learn'. The most common cause for this problem is that the editor was opened in the wrong working directory, for example if you use sbt then the workspace directory should contain build.sbt. 
2026.01.31 11:19:21 WARN  Build server is not auto-connectable.
2026.01.31 11:19:20 WARN  no build target for: C:\Users\hp\Desktop\learn\first.java
2026.01.31 11:19:22 INFO  no build target found for C:\Users\hp\Desktop\learn\first.java. Using fallback presentation compiler.
2026.01.31 11:19:22 WARN  no build target for: C:\Users\hp\Desktop\learn\first.java
2026.01.31 11:19:22 INFO  no build target found for C:\Users\hp\Desktop\learn\first.java. Using fallback presentation compiler.
2026.01.31 11:19:24 INFO  no build target found for C:\Users\hp\Desktop\learn\first.java. Using fallback presentation compiler.
Jan 31, 2026 11:19:25 AM org.eclipse.lsp4j.jsonrpc.RemoteEndpoint handleCancellation
WARNING: Unmatched cancel notification for request id 13
2026.01.31 11:19:25 INFO  no build target found for C:\Users\hp\Desktop\learn\first.java. Using fallback presentation compiler.
2026.01.31 11:19:26 INFO  no build target found for C:\Users\hp\Desktop\learn\first.java. Using fallback presentation compiler.
2026.01.31 11:19:27 INFO  time: code lens generation in 6.25s
2026.01.31 11:19:27 INFO  time: code lens generation in 1.79s
2026.01.31 11:19:30 INFO  no build target found for C:\Users\hp\Desktop\learn\first.java. Using fallback presentation compiler.
2026.01.31 11:19:43 INFO  no build target found for C:\Users\hp\Desktop\learn\first.java. Using fallback presentation compiler.
2026.01.31 11:20:00 INFO  no build target found for C:\Users\hp\Desktop\learn\first.java. Using fallback presentation compiler.
2026.01.31 11:20:00 INFO  no build target found for C:\Users\hp\Desktop\learn\first.java. Using fallback presentation compiler.
2026.01.31 11:20:00 INFO  no build target found for C:\Users\hp\Desktop\learn\first.java. Using fallback presentation compiler.
2026.01.31 11:20:00 INFO  no build target found for C:\Users\hp\Desktop\learn\first.java. Using fallback presentation compiler.
Jan 31, 2026 11:20:00 AM org.eclipse.lsp4j.jsonrpc.RemoteEndpoint handleCancellation
WARNING: Unmatched cancel notification for request id 26
Jan 31, 2026 11:20:00 AM org.eclipse.lsp4j.jsonrpc.RemoteEndpoint handleCancellation
WARNING: Unmatched cancel notification for request id 27
Jan 31, 2026 11:20:00 AM org.eclipse.lsp4j.jsonrpc.RemoteEndpoint handleCancellation
WARNING: Unmatched cancel notification for request id 28
2026.01.31 11:20:02 INFO  no build target found for C:\Users\hp\Desktop\learn\first.java. Using fallback presentation compiler.
2026.01.31 11:20:10 INFO  no build target found for C:\Users\hp\Desktop\learn\first.java. Using fallback presentation compiler.
